Start testing: Feb 17 19:50 CST
----------------------------------------------------------
1/1 Testing: MyTests
1/1 Test: MyTests
Command: "/home/nicholas/OperatingSystems/MultithreadWebserver/builds/tests/my_tests"
Directory: /home/nicholas/OperatingSystems/MultithreadWebserver/builds/tests
"MyTests" start time: Feb 17 19:50 CST
Output:
----------------------------------------------------------
Running main() from /home/nicholas/OperatingSystems/MultithreadWebserver/builds/_deps/googletest-src/googletest/src/gtest_main.cc
[==========] Running 2 tests from 1 test suite.
[----------] Global test environment set-up.
[----------] 2 tests from MockSocketServer
[ RUN      ] MockSocketServer.TestSetupServer
Server bound to socket on port 0 
[       OK ] MockSocketServer.TestSetupServer (0 ms)
[ RUN      ] MockSocketServer.TestServerStart_ListenFail
Listen Failed, Server not listening!: Success
[       OK ] MockSocketServer.TestServerStart_ListenFail (0 ms)
[----------] 2 tests from MockSocketServer (0 ms total)

[----------] Global test environment tear-down
[==========] 2 tests from 1 test suite ran. (0 ms total)
[  PASSED  ] 2 tests.
<end of output>
Test time =   0.00 sec
----------------------------------------------------------
Test Passed.
"MyTests" end time: Feb 17 19:50 CST
"MyTests" time elapsed: 00:00:00
----------------------------------------------------------

End testing: Feb 17 19:50 CST
